<?xml version="1.0" encoding="UTF-8"?>
<testsuite xmlns:xsi="http://www.w3.org/2001/XMLSchema-instance" xsi:schemaLocation="https://maven.apache.org/surefire/maven-surefire-plugin/xsd/surefire-test-report.xsd" name="TestSuite" time="533.073" tests="8" errors="0" skipped="0" failures="4">
  <properties>
[...]
</properties>
  <testcase name="Url_Hit" classname="com.TestCase.Login.Login_TestCase" time="21.892"/>
  <testcase name="With_Username_Password" classname="com.TestCase.Login.Login_TestCase" time="30.263"/>
  <testcase name="Hyperlink_Patient_Profile" classname="com.TestCase.Patient_Profile_Age.Patient_Profile_Age_TestCase" time="39.332"/>
  <testcase name="brand_custom_TestCase" classname="com.TestCase.Patient_Profile_Age.category_brand_custom_TestCase" time="107.694">
    <failure message="no such element: Unable to locate element: {&quot;method&quot;:&quot;xpath&quot;,&quot;selector&quot;:&quot;//span[contains(text(),&apos;Select zone&apos;)]&quot;}&#10;  (Session info: chrome=79.0.3945.117)&#10;For documentation on this error, please visit: https://www.seleniumhq.org/exceptions/no_such_element.html&#10;Build info: version: &apos;3.141.59&apos;, revision: &apos;e82be7d358&apos;, time: &apos;2018-11-14T08:17:03&apos;&#10;System info: host: &apos;ADMIN-PC&apos;, ip: &apos;192.168.11.105&apos;, os.name: &apos;Windows 7&apos;, os.arch: &apos;amd64&apos;, os.version: &apos;6.1&apos;, java.version: &apos;1.8.0_231&apos;&#10;Driver info: org.openqa.selenium.chrome.ChromeDriver&#10;Capabilities {acceptInsecureCerts: false, browserName: chrome, browserVersion: 79.0.3945.117, chrome: {chromedriverVersion: 79.0.3945.36 (3582db32b3389..., userDataDir: C:\Users\admin\AppData\Loca...}, goog:chromeOptions: {debuggerAddress: localhost:51647}, javascriptEnabled: true, networkConnectionEnabled: false, pageLoadStrategy: normal, platform: WINDOWS, platformName: WINDOWS, proxy: Proxy(), setWindowRect: true, strictFileInteractability: false, timeouts: {implicit: 0, pageLoad: 300000, script: 30000}, unhandledPromptBehavior: dismiss and notify}&#10;Session ID: 90d180f9fe452653580471728f60ea24&#10;*** Element info: {Using=xpath, value=//span[contains(text(),&apos;Select zone&apos;)]}" type="org.openqa.selenium.NoSuchElementException">org.openqa.selenium.NoSuchElementException: 
no such element: Unable to locate element: {"method":"xpath","selector":"//span[contains(text(),'Select zone')]"}
  (Session info: chrome=79.0.3945.117)
For documentation on this error, please visit: https://www.seleniumhq.org/exceptions/no_such_element.html
Build info: version: '3.141.59', revision: 'e82be7d358', time: '2018-11-14T08:17:03'
System info: host: 'ADMIN-PC', ip: '192.168.11.105', os.name: 'Windows 7', os.arch: 'amd64', os.version: '6.1', java.version: '1.8.0_231'
Driver info: org.openqa.selenium.chrome.ChromeDriver
Capabilities {acceptInsecureCerts: false, browserName: chrome, browserVersion: 79.0.3945.117, chrome: {chromedriverVersion: 79.0.3945.36 (3582db32b3389..., userDataDir: C:\Users\admin\AppData\Loca...}, goog:chromeOptions: {debuggerAddress: localhost:51647}, javascriptEnabled: true, networkConnectionEnabled: false, pageLoadStrategy: normal, platform: WINDOWS, platformName: WINDOWS, proxy: Proxy(), setWindowRect: true, strictFileInteractability: false, timeouts: {implicit: 0, pageLoad: 300000, script: 30000}, unhandledPromptBehavior: dismiss and notify}
Session ID: 90d180f9fe452653580471728f60ea24
*** Element info: {Using=xpath, value=//span[contains(text(),'Select zone')]}
	at com.TestCase.Patient_Profile_Age.category_brand_custom_TestCase.brand_custom_TestCase(category_brand_custom_TestCase.java:17)
</failure>
    <system-out><![CDATA[CHEST click
Close_Speciality_window
Selection Period (Radio Button)
Selection Period droupdown box click
Year Choice
Close Year  droupdown click
Category Droupdown click
Category_choice
Close Category Droupdown click
Filter Brand Button click
Scroll hit
Scroll
Molecule Droupdownbox
Choice Molecule
Close Molecule Droupdownbox
Brand Button Click
Brand Droupdown click
Choice Brand
Close Brand_droupdown_xpath
Zone droupdown
Choice value
]]></system-out>
  </testcase>
  <testcase name="Details" classname="com.TestCase.Sidepanel.Sidepanel_TestCase" time="52.529"/>
  <testcase name="Categry_Mol" classname="com.TestCase.Categry_Mol.Categry_Mol_S_TestCase" time="83.732">
    <failure message="no such element: Unable to locate element: {&quot;method&quot;:&quot;xpath&quot;,&quot;selector&quot;:&quot;/html[1]/body[1]/div[3]/div[1]/div[2]/div[1]/div[1]/div[2]/div[1]/div[1]/div[1]/div[2]/form[1]/div[1]/div[9]/div[1]/div[1]/ul[1]/li[4]/a[1]/label[1]&quot;}&#10;  (Session info: chrome=79.0.3945.117)&#10;For documentation on this error, please visit: https://www.seleniumhq.org/exceptions/no_such_element.html&#10;Build info: version: &apos;3.141.59&apos;, revision: &apos;e82be7d358&apos;, time: &apos;2018-11-14T08:17:03&apos;&#10;System info: host: &apos;ADMIN-PC&apos;, ip: &apos;192.168.11.105&apos;, os.name: &apos;Windows 7&apos;, os.arch: &apos;amd64&apos;, os.version: &apos;6.1&apos;, java.version: &apos;1.8.0_231&apos;&#10;Driver info: org.openqa.selenium.chrome.ChromeDriver&#10;Capabilities {acceptInsecureCerts: false, browserName: chrome, browserVersion: 79.0.3945.117, chrome: {chromedriverVersion: 79.0.3945.36 (3582db32b3389..., userDataDir: C:\Users\admin\AppData\Loca...}, goog:chromeOptions: {debuggerAddress: localhost:51647}, javascriptEnabled: true, networkConnectionEnabled: false, pageLoadStrategy: normal, platform: WINDOWS, platformName: WINDOWS, proxy: Proxy(), setWindowRect: true, strictFileInteractability: false, timeouts: {implicit: 0, pageLoad: 300000, script: 30000}, unhandledPromptBehavior: dismiss and notify}&#10;Session ID: 90d180f9fe452653580471728f60ea24&#10;*** Element info: {Using=xpath, value=/html[1]/body[1]/div[3]/div[1]/div[2]/div[1]/div[1]/div[2]/div[1]/div[1]/div[1]/div[2]/form[1]/div[1]/div[9]/div[1]/div[1]/ul[1]/li[4]/a[1]/label[1]}" type="org.openqa.selenium.NoSuchElementException">org.openqa.selenium.NoSuchElementException: 
no such element: Unable to locate element: {"method":"xpath","selector":"/html[1]/body[1]/div[3]/div[1]/div[2]/div[1]/div[1]/div[2]/div[1]/div[1]/div[1]/div[2]/form[1]/div[1]/div[9]/div[1]/div[1]/ul[1]/li[4]/a[1]/label[1]"}
  (Session info: chrome=79.0.3945.117)
For documentation on this error, please visit: https://www.seleniumhq.org/exceptions/no_such_element.html
Build info: version: '3.141.59', revision: 'e82be7d358', time: '2018-11-14T08:17:03'
System info: host: 'ADMIN-PC', ip: '192.168.11.105', os.name: 'Windows 7', os.arch: 'amd64', os.version: '6.1', java.version: '1.8.0_231'
Driver info: org.openqa.selenium.chrome.ChromeDriver
Capabilities {acceptInsecureCerts: false, browserName: chrome, browserVersion: 79.0.3945.117, chrome: {chromedriverVersion: 79.0.3945.36 (3582db32b3389..., userDataDir: C:\Users\admin\AppData\Loca...}, goog:chromeOptions: {debuggerAddress: localhost:51647}, javascriptEnabled: true, networkConnectionEnabled: false, pageLoadStrategy: normal, platform: WINDOWS, platformName: WINDOWS, proxy: Proxy(), setWindowRect: true, strictFileInteractability: false, timeouts: {implicit: 0, pageLoad: 300000, script: 30000}, unhandledPromptBehavior: dismiss and notify}
Session ID: 90d180f9fe452653580471728f60ea24
*** Element info: {Using=xpath, value=/html[1]/body[1]/div[3]/div[1]/div[2]/div[1]/div[1]/div[2]/div[1]/div[1]/div[1]/div[2]/form[1]/div[1]/div[9]/div[1]/div[1]/ul[1]/li[4]/a[1]/label[1]}
	at com.TestCase.Categry_Mol.Categry_Mol_S_TestCase.Categry_Mol(Categry_Mol_S_TestCase.java:11)
</failure>
    <system-out><![CDATA[Clear all Button Show
CHEST click
Close_Speciality_window
Selection Period (Radio Button)
Selection Period droupdown box click
Year Choice
Close Year  droupdown click
Category Droupdown click
Category_choice
Close Category Droupdown click
Scroll hit
Scroll
Filter Brand Button click
Molecule Droupdownbox
Choice Molecule
Close Molecule Droupdownbox
Zone droupdown
]]></system-out>
  </testcase>
  <testcase name="details" classname="com.TestCase.RXER_Profile_Age_Report.RXER_Profile_Age_TestCase" time="110.991">
    <failure message="no such element: Unable to locate element: {&quot;method&quot;:&quot;xpath&quot;,&quot;selector&quot;:&quot;/html[1]/body[1]/div[3]/div[1]/div[2]/div[1]/div[1]/div[2]/div[1]/div[1]/div[1]/div[2]/form[1]/div[1]/div[9]/div[1]/div[1]/ul[1]/li[4]/a[1]/label[1]&quot;}&#10;  (Session info: chrome=79.0.3945.117)&#10;For documentation on this error, please visit: https://www.seleniumhq.org/exceptions/no_such_element.html&#10;Build info: version: &apos;3.141.59&apos;, revision: &apos;e82be7d358&apos;, time: &apos;2018-11-14T08:17:03&apos;&#10;System info: host: &apos;ADMIN-PC&apos;, ip: &apos;192.168.11.105&apos;, os.name: &apos;Windows 7&apos;, os.arch: &apos;amd64&apos;, os.version: &apos;6.1&apos;, java.version: &apos;1.8.0_231&apos;&#10;Driver info: org.openqa.selenium.chrome.ChromeDriver&#10;Capabilities {acceptInsecureCerts: false, browserName: chrome, browserVersion: 79.0.3945.117, chrome: {chromedriverVersion: 79.0.3945.36 (3582db32b3389..., userDataDir: C:\Users\admin\AppData\Loca...}, goog:chromeOptions: {debuggerAddress: localhost:51647}, javascriptEnabled: true, networkConnectionEnabled: false, pageLoadStrategy: normal, platform: WINDOWS, platformName: WINDOWS, proxy: Proxy(), setWindowRect: true, strictFileInteractability: false, timeouts: {implicit: 0, pageLoad: 300000, script: 30000}, unhandledPromptBehavior: dismiss and notify}&#10;Session ID: 90d180f9fe452653580471728f60ea24&#10;*** Element info: {Using=xpath, value=/html[1]/body[1]/div[3]/div[1]/div[2]/div[1]/div[1]/div[2]/div[1]/div[1]/div[1]/div[2]/form[1]/div[1]/div[9]/div[1]/div[1]/ul[1]/li[4]/a[1]/label[1]}" type="org.openqa.selenium.NoSuchElementException">org.openqa.selenium.NoSuchElementException: 
no such element: Unable to locate element: {"method":"xpath","selector":"/html[1]/body[1]/div[3]/div[1]/div[2]/div[1]/div[1]/div[2]/div[1]/div[1]/div[1]/div[2]/form[1]/div[1]/div[9]/div[1]/div[1]/ul[1]/li[4]/a[1]/label[1]"}
  (Session info: chrome=79.0.3945.117)
For documentation on this error, please visit: https://www.seleniumhq.org/exceptions/no_such_element.html
Build info: version: '3.141.59', revision: 'e82be7d358', time: '2018-11-14T08:17:03'
System info: host: 'ADMIN-PC', ip: '192.168.11.105', os.name: 'Windows 7', os.arch: 'amd64', os.version: '6.1', java.version: '1.8.0_231'
Driver info: org.openqa.selenium.chrome.ChromeDriver
Capabilities {acceptInsecureCerts: false, browserName: chrome, browserVersion: 79.0.3945.117, chrome: {chromedriverVersion: 79.0.3945.36 (3582db32b3389..., userDataDir: C:\Users\admin\AppData\Loca...}, goog:chromeOptions: {debuggerAddress: localhost:51647}, javascriptEnabled: true, networkConnectionEnabled: false, pageLoadStrategy: normal, platform: WINDOWS, platformName: WINDOWS, proxy: Proxy(), setWindowRect: true, strictFileInteractability: false, timeouts: {implicit: 0, pageLoad: 300000, script: 30000}, unhandledPromptBehavior: dismiss and notify}
Session ID: 90d180f9fe452653580471728f60ea24
*** Element info: {Using=xpath, value=/html[1]/body[1]/div[3]/div[1]/div[2]/div[1]/div[1]/div[2]/div[1]/div[1]/div[1]/div[2]/form[1]/div[1]/div[9]/div[1]/div[1]/ul[1]/li[4]/a[1]/label[1]}
	at com.TestCase.RXER_Profile_Age_Report.RXER_Profile_Age_TestCase.details(RXER_Profile_Age_TestCase.java:12)
</failure>
    <system-out><![CDATA[RXER_Profile_Age Tab click
Brand Hit
CHEST click
Close_Speciality_window
Selection Period (Radio Button)
Selection Period droupdown box click
Year Choice
Close Year  droupdown click
Scroll hit
Scroll
Search Brand
Brand_Choice_Xpath
Close Brand
Zone droupdown
]]></system-out>
  </testcase>
  <testcase name="details" classname="com.TestCase.Rpm_Report.Rpm_TestCase" time="85.031">
    <failure message="element click intercepted: Element &lt;a href=&quot;javascript:void(0)&quot; id=&quot;clear-all&quot; class=&quot;btn btn-primary legitRipple&quot;&gt;...&lt;/a&gt; is not clickable at point (1394, 132). Other element would receive the click: &lt;div class=&quot;blockUI blockOverlay&quot; style=&quot;z-index: 1000; border: none; margin: 0px; padding: 0px; width: 100%; height: 100%; top: 0px; left: 0px; background-color: rgb(0, 0, 0); opacity: 0.57281; cursor: default; position: fixed;&quot;&gt;&lt;/div&gt;&#10;  (Session info: chrome=79.0.3945.117)&#10;Build info: version: &apos;3.141.59&apos;, revision: &apos;e82be7d358&apos;, time: &apos;2018-11-14T08:17:03&apos;&#10;System info: host: &apos;ADMIN-PC&apos;, ip: &apos;192.168.11.105&apos;, os.name: &apos;Windows 7&apos;, os.arch: &apos;amd64&apos;, os.version: &apos;6.1&apos;, java.version: &apos;1.8.0_231&apos;&#10;Driver info: org.openqa.selenium.chrome.ChromeDriver&#10;Capabilities {acceptInsecureCerts: false, browserName: chrome, browserVersion: 79.0.3945.117, chrome: {chromedriverVersion: 79.0.3945.36 (3582db32b3389..., userDataDir: C:\Users\admin\AppData\Loca...}, goog:chromeOptions: {debuggerAddress: localhost:51647}, javascriptEnabled: true, networkConnectionEnabled: false, pageLoadStrategy: normal, platform: WINDOWS, platformName: WINDOWS, proxy: Proxy(), setWindowRect: true, strictFileInteractability: false, timeouts: {implicit: 0, pageLoad: 300000, script: 30000}, unhandledPromptBehavior: dismiss and notify}&#10;Session ID: 90d180f9fe452653580471728f60ea24" type="org.openqa.selenium.ElementClickInterceptedException"><![CDATA[org.openqa.selenium.ElementClickInterceptedException: 
element click intercepted: Element <a href="javascript:void(0)" id="clear-all" class="btn btn-primary legitRipple">...</a> is not clickable at point (1394, 132). Other element would receive the click: <div class="blockUI blockOverlay" style="z-index: 1000; border: none; margin: 0px; padding: 0px; width: 100%; height: 100%; top: 0px; left: 0px; background-color: rgb(0, 0, 0); opacity: 0.57281; cursor: default; position: fixed;"></div>
  (Session info: chrome=79.0.3945.117)
Build info: version: '3.141.59', revision: 'e82be7d358', time: '2018-11-14T08:17:03'
System info: host: 'ADMIN-PC', ip: '192.168.11.105', os.name: 'Windows 7', os.arch: 'amd64', os.version: '6.1', java.version: '1.8.0_231'
Driver info: org.openqa.selenium.chrome.ChromeDriver
Capabilities {acceptInsecureCerts: false, browserName: chrome, browserVersion: 79.0.3945.117, chrome: {chromedriverVersion: 79.0.3945.36 (3582db32b3389..., userDataDir: C:\Users\admin\AppData\Loca...}, goog:chromeOptions: {debuggerAddress: localhost:51647}, javascriptEnabled: true, networkConnectionEnabled: false, pageLoadStrategy: normal, platform: WINDOWS, platformName: WINDOWS, proxy: Proxy(), setWindowRect: true, strictFileInteractability: false, timeouts: {implicit: 0, pageLoad: 300000, script: 30000}, unhandledPromptBehavior: dismiss and notify}
Session ID: 90d180f9fe452653580471728f60ea24
	at com.TestCase.Rpm_Report.Rpm_TestCase.details(Rpm_TestCase.java:11)
]]></failure>
    <system-out><![CDATA[SRP Tab Hit
RXER_Profile_Age Tab click
Rpm Tab Click
]]></system-out>
  </testcase>
</testsuite>